app/build/intermediates/manifest_merge_blame_file/debug/manifest-merger-blame-debug-report.txt
1<?xml version="1.0" encoding="utf-8"?>
2<manifest xmlns:android="http://schemas.android.com/apk/res/android"
3    package="com.cpen321.ubclocationbroadcaster"
4    android:versionCode="1"
5    android:versionName="1.0" >
6
7    <uses-sdk
8        android:minSdkVersion="16"
8-->src\main\AndroidManifest.xml
9        android:targetSdkVersion="30" />
9-->src\main\AndroidManifest.xml
10
11    <uses-permission android:name="android.permission.ACCESS_FINE_LOCATION" />
11-->src\main\AndroidManifest.xml:6:5-79
11-->src\main\AndroidManifest.xml:6:22-76
12    <uses-permission android:name="android.permission.INTERNET" />
12-->src\main\AndroidManifest.xml:7:5-67
12-->src\main\AndroidManifest.xml:7:22-64
13    <uses-permission android:name="android.permission.ACCESS_NETWORK_STATE" />
13-->src\main\AndroidManifest.xml:8:5-79
13-->src\main\AndroidManifest.xml:8:22-76
14    <uses-permission android:name="android.permission.ACCESS_COARSE_LOCATION" />
14-->src\main\AndroidManifest.xml:9:5-81
14-->src\main\AndroidManifest.xml:9:22-78
15
16    <uses-feature
16-->[com.google.android.gms:play-services-maps:17.0.0] AndroidManifest.xml:26:5-28:35
17        android:glEsVersion="0x00020000"
17-->[com.google.android.gms:play-services-maps:17.0.0] AndroidManifest.xml:27:9-41
18        android:required="true" />
18-->[com.google.android.gms:play-services-maps:17.0.0] AndroidManifest.xml:28:9-32
19
20    <uses-permission android:name="android.permission.WAKE_LOCK" /> <!-- Required by older versions of Google Play services to create IID tokens -->
20-->[com.google.firebase:firebase-iid:20.3.0] AndroidManifest.xml:24:5-68
20-->[com.google.firebase:firebase-iid:20.3.0] AndroidManifest.xml:24:22-65
21    <uses-permission android:name="com.google.android.c2dm.permission.RECEIVE" />
21-->[com.google.firebase:firebase-iid:20.3.0] AndroidManifest.xml:26:5-82
21-->[com.google.firebase:firebase-iid:20.3.0] AndroidManifest.xml:26:22-79
22    <uses-permission android:name="com.google.android.finsky.permission.BIND_GET_INSTALL_REFERRER_SERVICE" />
22-->[com.google.android.gms:play-services-measurement:17.6.0] AndroidManifest.xml:26:5-110
22-->[com.google.android.gms:play-services-measurement:17.6.0] AndroidManifest.xml:26:22-107
23
24    <application
24-->src\main\AndroidManifest.xml:11:5-68:19
25        android:allowBackup="true"
25-->src\main\AndroidManifest.xml:12:9-35
26        android:appComponentFactory="androidx.core.app.CoreComponentFactory"
26-->[androidx.core:core:1.3.1] AndroidManifest.xml:24:18-86
27        android:debuggable="true"
28        android:icon="@mipmap/ic_launcher"
28-->src\main\AndroidManifest.xml:13:9-43
29        android:label="@string/app_name"
29-->src\main\AndroidManifest.xml:14:9-41
30        android:roundIcon="@mipmap/ic_launcher_round"
30-->src\main\AndroidManifest.xml:15:9-54
31        android:supportsRtl="true"
31-->src\main\AndroidManifest.xml:16:9-35
32        android:testOnly="true"
33        android:theme="@style/AppTheme"
33-->src\main\AndroidManifest.xml:17:9-40
34        android:usesCleartextTraffic="true" >
34-->src\main\AndroidManifest.xml:18:9-44
35        <activity android:name="com.cpen321.ubclocationbroadcaster.SortedActivityList" />
35-->src\main\AndroidManifest.xml:19:9-65
35-->src\main\AndroidManifest.xml:19:19-53
36        <activity android:name="com.cpen321.ubclocationbroadcaster.GetMatchScore" />
36-->src\main\AndroidManifest.xml:20:9-51
36-->src\main\AndroidManifest.xml:20:19-48
37
38        <service
38-->src\main\AndroidManifest.xml:22:9-29:19
39            android:name="com.cpen321.ubclocationbroadcaster.MyFirebaseMessagingService"
39-->src\main\AndroidManifest.xml:23:13-55
40            android:exported="false" >
40-->src\main\AndroidManifest.xml:24:13-37
41            <intent-filter>
41-->src\main\AndroidManifest.xml:26:13-28:29
42                <action android:name="com.google.firebase.MESSAGING_EVENT" />
42-->src\main\AndroidManifest.xml:27:17-78
42-->src\main\AndroidManifest.xml:27:25-75
43            </intent-filter>
44        </service>
45
46        <activity android:name="com.cpen321.ubclocationbroadcaster.ActivityStuffMenu" />
46-->src\main\AndroidManifest.xml:31:9-55
46-->src\main\AndroidManifest.xml:31:19-52
47        <activity
47-->src\main\AndroidManifest.xml:32:9-35:59
48            android:name="com.cpen321.ubclocationbroadcaster.ListScrollingActivity"
48-->src\main\AndroidManifest.xml:33:13-50
49            android:label="@string/title_activity_list_scrolling"
49-->src\main\AndroidManifest.xml:34:13-66
50            android:theme="@style/AppTheme.NoActionBar" />
50-->src\main\AndroidManifest.xml:35:13-56
51        <activity android:name="com.cpen321.ubclocationbroadcaster.MenuActivity" />
51-->src\main\AndroidManifest.xml:36:9-50
51-->src\main\AndroidManifest.xml:36:19-47
52        <!--
53             The API key for Google Maps-based APIs is defined as a string resource.
54             (See the file "res/values/google_maps_api.xml").
55             Note that the API key is linked to the encryption key used to sign the APK.
56             You need a different API key for each encryption key, including the release key that is used to
57             sign the APK for publishing.
58             You can define the keys for the debug and release targets in src/debug/ and src/release/.
59        -->
60        <activity
60-->src\main\AndroidManifest.xml:45:9-47:64
61            android:name="com.cpen321.ubclocationbroadcaster.MainMapsActivity"
61-->src\main\AndroidManifest.xml:46:13-45
62            android:label="@string/title_activity_main_maps" />
62-->src\main\AndroidManifest.xml:47:13-61
63        <activity android:name="com.cpen321.ubclocationbroadcaster.CreateActivity" />
63-->src\main\AndroidManifest.xml:48:9-52
63-->src\main\AndroidManifest.xml:48:19-49
64        <activity android:name="com.cpen321.ubclocationbroadcaster.ProfileActivity" />
64-->src\main\AndroidManifest.xml:49:9-53
64-->src\main\AndroidManifest.xml:49:19-50
65        <activity android:name="com.cpen321.ubclocationbroadcaster.SignUpActivity" />
65-->src\main\AndroidManifest.xml:50:9-52
65-->src\main\AndroidManifest.xml:50:19-49
66        <activity
66-->src\main\AndroidManifest.xml:51:9-59:20
67            android:name="com.cpen321.ubclocationbroadcaster.MainActivity"
67-->src\main\AndroidManifest.xml:52:13-41
68            android:label="@string/title_activity_login" >
68-->src\main\AndroidManifest.xml:53:13-57
69            <intent-filter>
69-->src\main\AndroidManifest.xml:54:13-58:29
70                <action android:name="android.intent.action.MAIN" />
70-->src\main\AndroidManifest.xml:55:17-69
70-->src\main\AndroidManifest.xml:55:25-66
71
72                <category android:name="android.intent.category.LAUNCHER" />
72-->src\main\AndroidManifest.xml:57:17-77
72-->src\main\AndroidManifest.xml:57:27-74
73            </intent-filter>
74        </activity>
75
76        <meta-data
76-->src\main\AndroidManifest.xml:61:9-63:55
77            android:name="com.google.android.geo.API_KEY"
77-->src\main\AndroidManifest.xml:62:13-58
78            android:value="@string/google_maps_key" />
78-->src\main\AndroidManifest.xml:63:13-52
79
80        <uses-library
80-->src\main\AndroidManifest.xml:65:9-67:40
81            android:name="org.apache.http.legacy"
81-->src\main\AndroidManifest.xml:66:13-50
82            android:required="false" />
82-->src\main\AndroidManifest.xml:67:13-37
83        <!--
84             FirebaseMessagingService performs security checks at runtime,
85             but set to not exported to explicitly avoid allowing another app to call it.
86        -->
87        <service
87-->[com.google.firebase:firebase-messaging:20.3.0] AndroidManifest.xml:28:9-35:19
88            android:name="com.google.firebase.messaging.FirebaseMessagingService"
88-->[com.google.firebase:firebase-messaging:20.3.0] AndroidManifest.xml:29:13-82
89            android:directBootAware="true"
89-->[com.google.firebase:firebase-messaging:20.3.0] AndroidManifest.xml:30:13-43
90            android:exported="false" >
90-->[com.google.firebase:firebase-messaging:20.3.0] AndroidManifest.xml:31:13-37
91            <intent-filter android:priority="-500" >
91-->src\main\AndroidManifest.xml:26:13-28:29
92                <action android:name="com.google.firebase.MESSAGING_EVENT" />
92-->src\main\AndroidManifest.xml:27:17-78
92-->src\main\AndroidManifest.xml:27:25-75
93            </intent-filter>
94        </service>
95        <service
95-->[com.google.firebase:firebase-messaging:20.3.0] AndroidManifest.xml:36:9-42:19
96            android:name="com.google.firebase.components.ComponentDiscoveryService"
96-->[com.google.firebase:firebase-messaging:20.3.0] AndroidManifest.xml:37:13-84
97            android:directBootAware="true"
97-->[com.google.firebase:firebase-common:19.3.0] AndroidManifest.xml:34:13-43
98            android:exported="false" >
98-->[com.google.firebase:firebase-messaging:20.3.0] AndroidManifest.xml:38:13-37
99            <meta-data
99-->[com.google.firebase:firebase-messaging:20.3.0] AndroidManifest.xml:39:13-41:85
100                android:name="com.google.firebase.components:com.google.firebase.messaging.FirebaseMessagingRegistrar"
100-->[com.google.firebase:firebase-messaging:20.3.0] AndroidManifest.xml:40:17-119
101                android:value="com.google.firebase.components.ComponentRegistrar" />
101-->[com.google.firebase:firebase-messaging:20.3.0] AndroidManifest.xml:41:17-82
102            <meta-data
102-->[com.google.firebase:firebase-iid:20.3.0] AndroidManifest.xml:32:13-34:85
103                android:name="com.google.firebase.components:com.google.firebase.iid.Registrar"
103-->[com.google.firebase:firebase-iid:20.3.0] AndroidManifest.xml:33:17-96
104                android:value="com.google.firebase.components.ComponentRegistrar" />
104-->[com.google.firebase:firebase-iid:20.3.0] AndroidManifest.xml:34:17-82
105            <meta-data
105-->[com.google.firebase:firebase-datatransport:17.0.3] AndroidManifest.xml:28:13-30:85
106                android:name="com.google.firebase.components:com.google.firebase.datatransport.TransportRegistrar"
106-->[com.google.firebase:firebase-datatransport:17.0.3] AndroidManifest.xml:29:17-115
107                android:value="com.google.firebase.components.ComponentRegistrar" />
107-->[com.google.firebase:firebase-datatransport:17.0.3] AndroidManifest.xml:30:17-82
108            <meta-data
108-->[com.google.android.gms:play-services-measurement-api:17.6.0] AndroidManifest.xml:30:13-32:85
109                android:name="com.google.firebase.components:com.google.firebase.analytics.connector.internal.AnalyticsConnectorRegistrar"
109-->[com.google.android.gms:play-services-measurement-api:17.6.0] AndroidManifest.xml:31:17-139
110                android:value="com.google.firebase.components.ComponentRegistrar" />
110-->[com.google.android.gms:play-services-measurement-api:17.6.0] AndroidManifest.xml:32:17-82
111            <meta-data
111-->[com.google.firebase:firebase-installations:16.3.3] AndroidManifest.xml:17:13-19:85
112                android:name="com.google.firebase.components:com.google.firebase.installations.FirebaseInstallationsRegistrar"
112-->[com.google.firebase:firebase-installations:16.3.3] AndroidManifest.xml:18:17-127
113                android:value="com.google.firebase.components.ComponentRegistrar" />
113-->[com.google.firebase:firebase-installations:16.3.3] AndroidManifest.xml:19:17-82
114        </service>
115
116        <receiver
116-->[com.google.firebase:firebase-iid:20.3.0] AndroidManifest.xml:37:9-44:20
117            android:name="com.google.firebase.iid.FirebaseInstanceIdReceiver"
117-->[com.google.firebase:firebase-iid:20.3.0] AndroidManifest.xml:38:13-78
118            android:exported="true"
118-->[com.google.firebase:firebase-iid:20.3.0] AndroidManifest.xml:39:13-36
119            android:permission="com.google.android.c2dm.permission.SEND" >
119-->[com.google.firebase:firebase-iid:20.3.0] AndroidManifest.xml:40:13-73
120            <intent-filter>
120-->[com.google.firebase:firebase-iid:20.3.0] AndroidManifest.xml:41:13-43:29
121                <action android:name="com.google.android.c2dm.intent.RECEIVE" />
121-->[com.google.firebase:firebase-iid:20.3.0] AndroidManifest.xml:42:17-81
121-->[com.google.firebase:firebase-iid:20.3.0] AndroidManifest.xml:42:25-78
122            </intent-filter>
123        </receiver>
124
125        <activity
125-->[com.google.android.gms:play-services-base:17.3.0] AndroidManifest.xml:23:9-26:75
126            android:name="com.google.android.gms.common.api.GoogleApiActivity"
126-->[com.google.android.gms:play-services-base:17.3.0] AndroidManifest.xml:24:13-79
127            android:exported="false"
127-->[com.google.android.gms:play-services-base:17.3.0] AndroidManifest.xml:25:13-37
128            android:theme="@android:style/Theme.Translucent.NoTitleBar" />
128-->[com.google.android.gms:play-services-base:17.3.0] AndroidManifest.xml:26:13-72
129
130        <provider
130-->[com.google.firebase:firebase-common:19.3.0] AndroidManifest.xml:26:9-30:39
131            android:name="com.google.firebase.provider.FirebaseInitProvider"
131-->[com.google.firebase:firebase-common:19.3.0] AndroidManifest.xml:27:13-77
132            android:authorities="com.cpen321.ubclocationbroadcaster.firebaseinitprovider"
132-->[com.google.firebase:firebase-common:19.3.0] AndroidManifest.xml:28:13-72
133            android:exported="false"
133-->[com.google.firebase:firebase-common:19.3.0] AndroidManifest.xml:29:13-37
134            android:initOrder="100" />
134-->[com.google.firebase:firebase-common:19.3.0] AndroidManifest.xml:30:13-36
135
136        <receiver
136-->[com.google.android.gms:play-services-measurement:17.6.0] AndroidManifest.xml:29:9-33:20
137            android:name="com.google.android.gms.measurement.AppMeasurementReceiver"
137-->[com.google.android.gms:play-services-measurement:17.6.0] AndroidManifest.xml:30:13-85
138            android:enabled="true"
138-->[com.google.android.gms:play-services-measurement:17.6.0] AndroidManifest.xml:31:13-35
139            android:exported="false" >
139-->[com.google.android.gms:play-services-measurement:17.6.0] AndroidManifest.xml:32:13-37
140        </receiver>
141
142        <service
142-->[com.google.android.gms:play-services-measurement:17.6.0] AndroidManifest.xml:35:9-38:40
143            android:name="com.google.android.gms.measurement.AppMeasurementService"
143-->[com.google.android.gms:play-services-measurement:17.6.0] AndroidManifest.xml:36:13-84
144            android:enabled="true"
144-->[com.google.android.gms:play-services-measurement:17.6.0] AndroidManifest.xml:37:13-35
145            android:exported="false" />
145-->[com.google.android.gms:play-services-measurement:17.6.0] AndroidManifest.xml:38:13-37
146        <service
146-->[com.google.android.gms:play-services-measurement:17.6.0] AndroidManifest.xml:39:9-43:72
147            android:name="com.google.android.gms.measurement.AppMeasurementJobService"
147-->[com.google.android.gms:play-services-measurement:17.6.0] AndroidManifest.xml:40:13-87
148            android:enabled="true"
148-->[com.google.android.gms:play-services-measurement:17.6.0] AndroidManifest.xml:41:13-35
149            android:exported="false"
149-->[com.google.android.gms:play-services-measurement:17.6.0] AndroidManifest.xml:42:13-37
150            android:permission="android.permission.BIND_JOB_SERVICE" />
150-->[com.google.android.gms:play-services-measurement:17.6.0] AndroidManifest.xml:43:13-69
151
152        <meta-data
152-->[com.google.android.gms:play-services-basement:17.3.0] AndroidManifest.xml:23:9-25:69
153            android:name="com.google.android.gms.version"
153-->[com.google.android.gms:play-services-basement:17.3.0] AndroidManifest.xml:24:13-58
154            android:value="@integer/google_play_services_version" />
154-->[com.google.android.gms:play-services-basement:17.3.0] AndroidManifest.xml:25:13-66
155
156        <provider
156-->[androidx.lifecycle:lifecycle-process:2.2.0] AndroidManifest.xml:25:9-29:43
157            android:name="androidx.lifecycle.ProcessLifecycleOwnerInitializer"
157-->[androidx.lifecycle:lifecycle-process:2.2.0] AndroidManifest.xml:26:13-79
158            android:authorities="com.cpen321.ubclocationbroadcaster.lifecycle-process"
158-->[androidx.lifecycle:lifecycle-process:2.2.0] AndroidManifest.xml:27:13-69
159            android:exported="false"
159-->[androidx.lifecycle:lifecycle-process:2.2.0] AndroidManifest.xml:28:13-37
160            android:multiprocess="true" />
160-->[androidx.lifecycle:lifecycle-process:2.2.0] AndroidManifest.xml:29:13-40
161
162        <service
162-->[com.google.android.datatransport:transport-backend-cct:2.2.0] AndroidManifest.xml:29:9-35:19
163            android:name="com.google.android.datatransport.runtime.backends.TransportBackendDiscovery"
163-->[com.google.android.datatransport:transport-backend-cct:2.2.0] AndroidManifest.xml:30:13-103
164            android:exported="false" >
164-->[com.google.android.datatransport:transport-backend-cct:2.2.0] AndroidManifest.xml:31:13-37
165            <meta-data
165-->[com.google.android.datatransport:transport-backend-cct:2.2.0] AndroidManifest.xml:32:13-34:39
166                android:name="backend:com.google.android.datatransport.cct.CctBackendFactory"
166-->[com.google.android.datatransport:transport-backend-cct:2.2.0] AndroidManifest.xml:33:17-94
167                android:value="cct" />
167-->[com.google.android.datatransport:transport-backend-cct:2.2.0] AndroidManifest.xml:34:17-36
168        </service>
169        <service
169-->[com.google.android.datatransport:transport-runtime:2.2.0] AndroidManifest.xml:26:9-30:19
170            android:name="com.google.android.datatransport.runtime.scheduling.jobscheduling.JobInfoSchedulerService"
170-->[com.google.android.datatransport:transport-runtime:2.2.0] AndroidManifest.xml:27:13-117
171            android:exported="false"
171-->[com.google.android.datatransport:transport-runtime:2.2.0] AndroidManifest.xml:28:13-37
172            android:permission="android.permission.BIND_JOB_SERVICE" >
172-->[com.google.android.datatransport:transport-runtime:2.2.0] AndroidManifest.xml:29:13-69
173        </service>
174
175        <receiver
175-->[com.google.android.datatransport:transport-runtime:2.2.0] AndroidManifest.xml:32:9-34:40
176            android:name="com.google.android.datatransport.runtime.scheduling.jobscheduling.AlarmManagerSchedulerBroadcastReceiver"
176-->[com.google.android.datatransport:transport-runtime:2.2.0] AndroidManifest.xml:33:13-132
177            android:exported="false" />
177-->[com.google.android.datatransport:transport-runtime:2.2.0] AndroidManifest.xml:34:13-37
178    </application>
179
180</manifest>